<?xml version="1.0" encoding="UTF-8"?>
<!-- Generated by org.testng.reporters.JUnitXMLReporter -->
<testsuite ignored="0" hostname="LAPTOP-DN3EC3VP" failures="0" tests="6" name="Surefire test" time="5.854" errors="0" timestamp="2023-12-01T23:24:03 IST">
  <testcase classname="listenersDemo.TestNGListenerDemo" name="test1" time="0.007"/>
  <testcase classname="listenersDemo.TestNGListenerDemo" name="test2" time="5.75"/>
  <testcase classname="listenersDemo.TestNGListenerDemo" name="test3" time="0.001"/>
  <testcase classname="listenersDemo.TestNGListenerDemo2" name="test4" time="0.002"/>
  <testcase classname="listenersDemo.TestNGListenerDemo2" name="test5" time="0.002"/>
  <testcase classname="listenersDemo.TestNGListenerDemo2" name="test6" time="0.003">
    <skipped/>
  </testcase> <!-- test6 -->
</testsuite> <!-- Surefire test -->
