<?xml version="1.0" encoding="UTF-8"?>
<testng-results ignored="0" total="6" passed="5" failed="0" skipped="1">
  <reporter-output>
  </reporter-output>
  <suite started-at="2023-12-01T23:23:57 IST" name="Surefire suite" finished-at="2023-12-01T23:24:03 IST" duration-ms="5854">
    <groups>
    </groups>
    <test started-at="2023-12-01T23:23:57 IST" name="Surefire test" finished-at="2023-12-01T23:24:03 IST" duration-ms="5854">
      <class name="listenersDemo.TestNGListenerDemo">
        <test-method signature="test1()[pri:0, instance:listenersDemo.TestNGListenerDemo@2dc54ad4]" started-at="2023-12-01T23:23:57 IST" name="test1" finished-at="2023-12-01T23:23:57 IST" duration-ms="7" status="PASS">
          <reporter-output>
          </reporter-output>
        </test-method> <!-- test1 -->
        <test-method signature="test2()[pri:0, instance:listenersDemo.TestNGListenerDemo@2dc54ad4]" started-at="2023-12-01T23:23:57 IST" name="test2" finished-at="2023-12-01T23:24:03 IST" duration-ms="5750" status="PASS">
          <reporter-output>
          </reporter-output>
        </test-method> <!-- test2 -->
        <test-method signature="test3()[pri:0, instance:listenersDemo.TestNGListenerDemo@2dc54ad4]" started-at="2023-12-01T23:24:03 IST" name="test3" finished-at="2023-12-01T23:24:03 IST" duration-ms="1" status="PASS">
          <reporter-output>
          </reporter-output>
        </test-method> <!-- test3 -->
      </class> <!-- listenersDemo.TestNGListenerDemo -->
      <class name="listenersDemo.TestNGListenerDemo2">
        <test-method signature="test4()[pri:0, instance:listenersDemo.TestNGListenerDemo2@6bd61f98]" started-at="2023-12-01T23:24:03 IST" name="test4" finished-at="2023-12-01T23:24:03 IST" duration-ms="2" status="PASS">
          <reporter-output>
          </reporter-output>
        </test-method> <!-- test4 -->
        <test-method signature="test5()[pri:0, instance:listenersDemo.TestNGListenerDemo2@6bd61f98]" started-at="2023-12-01T23:24:03 IST" name="test5" finished-at="2023-12-01T23:24:03 IST" duration-ms="2" status="PASS">
          <reporter-output>
          </reporter-output>
        </test-method> <!-- test5 -->
        <test-method signature="test6()[pri:0, instance:listenersDemo.TestNGListenerDemo2@6bd61f98]" started-at="2023-12-01T23:24:03 IST" name="test6" finished-at="2023-12-01T23:24:03 IST" duration-ms="3" status="SKIP">
          <exception class="org.testng.SkipException">
            <message>
              <![CDATA[This test is skipped]]>
            </message>
            <full-stacktrace>
              <![CDATA[org.testng.SkipException: This test is skipped
at listenersDemo.TestNGListenerDemo2.test6(TestNGListenerDemo2.java:28)
at java.base/jdk.internal.reflect.DirectMethodHandleAccessor.invoke(DirectMethodHandleAccessor.java:104)
at java.base/java.lang.reflect.Method.invoke(Method.java:578)
at org.testng.internal.invokers.MethodInvocationHelper.invokeMethod(MethodInvocationHelper.java:139)
at org.testng.internal.invokers.TestInvoker.invokeMethod(TestInvoker.java:664)
at org.testng.internal.invokers.TestInvoker.invokeTestMethod(TestInvoker.java:227)
at org.testng.internal.invokers.MethodRunner.runInSequence(MethodRunner.java:50)
at org.testng.internal.invokers.TestInvoker$MethodInvocationAgent.invoke(TestInvoker.java:957)
at org.testng.internal.invokers.TestInvoker.invokeTestMethods(TestInvoker.java:200)
at org.testng.internal.invokers.TestMethodWorker.invokeTestMethods(TestMethodWorker.java:148)
at org.testng.internal.invokers.TestMethodWorker.run(TestMethodWorker.java:128)
at java.base/java.util.ArrayList.forEach(ArrayList.java:1511)
at org.testng.TestRunner.privateRun(TestRunner.java:848)
at org.testng.TestRunner.run(TestRunner.java:621)
at org.testng.SuiteRunner.runTest(SuiteRunner.java:443)
at org.testng.SuiteRunner.runSequentially(SuiteRunner.java:437)
at org.testng.SuiteRunner.privateRun(SuiteRunner.java:397)
at org.testng.SuiteRunner.run(SuiteRunner.java:336)
at org.testng.SuiteRunnerWorker.runSuite(SuiteRunnerWorker.java:52)
at org.testng.SuiteRunnerWorker.run(SuiteRunnerWorker.java:95)
at org.testng.TestNG.runSuitesSequentially(TestNG.java:1280)
at org.testng.TestNG.runSuitesLocally(TestNG.java:1200)
at org.testng.TestNG.runSuites(TestNG.java:1114)
at org.testng.TestNG.run(TestNG.java:1082)
at org.apache.maven.surefire.testng.TestNGExecutor.run(TestNGExecutor.java:135)
at org.apache.maven.surefire.testng.TestNGDirectoryTestSuite.executeMulti(TestNGDirectoryTestSuite.java:193)
at org.apache.maven.surefire.testng.TestNGDirectoryTestSuite.execute(TestNGDirectoryTestSuite.java:94)
at org.apache.maven.surefire.testng.TestNGProvider.invoke(TestNGProvider.java:146)
at org.apache.maven.surefire.booter.ForkedBooter.invokeProviderInSameClassLoader(ForkedBooter.java:384)
at org.apache.maven.surefire.booter.ForkedBooter.runSuitesInProcess(ForkedBooter.java:345)
at org.apache.maven.surefire.booter.ForkedBooter.execute(ForkedBooter.java:126)
at org.apache.maven.surefire.booter.ForkedBooter.main(ForkedBooter.java:418)
]]>
            </full-stacktrace>
          </exception> <!-- org.testng.SkipException -->
          <reporter-output>
          </reporter-output>
        </test-method> <!-- test6 -->
      </class> <!-- listenersDemo.TestNGListenerDemo2 -->
    </test> <!-- Surefire test -->
  </suite> <!-- Surefire suite -->
</testng-results>
