<?xml version="1.0" encoding="UTF-8"?>
<testsuite xmlns:xsi="http://www.w3.org/2001/XMLSchema-instance" xsi:noNamespaceSchemaLocation="https://maven.apache.org/surefire/maven-surefire-plugin/xsd/surefire-test-report.xsd" name="TestSuite" time="28.262" tests="6" errors="0" skipped="1" failures="0">
  <properties>
[...]
</properties>
  <testcase name="test1" classname="listenersDemo.TestNGListenerDemo" time="0.007"/>
  <testcase name="test2" classname="listenersDemo.TestNGListenerDemo" time="5.752"/>
  <testcase name="test3" classname="listenersDemo.TestNGListenerDemo" time="0.001"/>
  <testcase name="test4" classname="listenersDemo.TestNGListenerDemo2" time="0.003"/>
  <testcase name="test5" classname="listenersDemo.TestNGListenerDemo2" time="0.001"/>
  <testcase name="test6" classname="listenersDemo.TestNGListenerDemo2" time="0">
    <skipped message="This test is skipped"/>
    <system-out><![CDATA[Test is successful :test5
Test is started :test6
I am inside test6
]]></system-out>
  </testcase>
</testsuite>